{
  "uid" : "ecf035d0f70d7da8",
  "name" : "Verify that user can't Login with valid but not registered email",
  "fullName" : "eg.amazon.testcases.LoginTest.VerifyThatUserCantLoginWithValidButNotRegisteredEmail",
  "historyId" : "b3701f897c86c7ae2152422ce40289ab",
  "time" : {
    "start" : 1725059764748,
    "stop" : 1725059789513,
    "duration" : 24765
  },
  "status" : "failed",
  "statusMessage" : "The following asserts failed:\n\texpected [true] but found [false]",
  "statusTrace" : "java.lang.AssertionError: The following asserts failed:\n\texpected [true] but found [false]\n\tat org.testng.asserts.SoftAssert.assertAll(SoftAssert.java:46)\n\tat org.testng.asserts.SoftAssert.assertAll(SoftAssert.java:30)\n\tat eg.amazon.testcases.LoginTest.VerifyThatUserCantLoginWithValidButNotRegisteredEmail(LoginTest.java:24)\n\tat java.base/jdk.internal.reflect.DirectMethodHandleAccessor.invoke(DirectMethodHandleAccessor.java:103)\n\tat java.base/java.lang.reflect.Method.invoke(Method.java:580)\n\tat org.testng.internal.invokers.MethodInvocationHelper.invokeMethod(MethodInvocationHelper.java:141)\n\tat org.testng.internal.invokers.TestInvoker.invokeMethod(TestInvoker.java:686)\n\tat org.testng.internal.invokers.TestInvoker.invokeTestMethod(TestInvoker.java:230)\n\tat org.testng.internal.invokers.MethodRunner.runInSequence(MethodRunner.java:63)\n\tat org.testng.internal.invokers.TestInvoker$MethodInvocationAgent.invoke(TestInvoker.java:992)\n\tat org.testng.internal.invokers.TestInvoker.invokeTestMethods(TestInvoker.java:203)\n\tat org.testng.internal.invokers.TestMethodWorker.invokeTestMethods(TestMethodWorker.java:154)\n\tat org.testng.internal.invokers.TestMethodWorker.run(TestMethodWorker.java:134)\n\tat java.base/java.util.concurrent.Executors$RunnableAdapter.call(Executors.java:572)\n\tat java.base/java.util.concurrent.FutureTask.run(FutureTask.java:317)\n\tat org.testng.internal.thread.graph.TestNGFutureTask.run(TestNGFutureTask.java:22)\n\tat java.base/java.util.concurrent.ThreadPoolExecutor.runWorker(ThreadPoolExecutor.java:1144)\n\tat java.base/java.util.concurrent.ThreadPoolExecutor$Worker.run(ThreadPoolExecutor.java:642)\n\tat java.base/java.lang.Thread.run(Thread.java:1570)\n",
  "flaky" : false,
  "beforeStages" : [ {
    "name" : "setup",
    "time" : {
      "start" : 1725059754512,
      "stop" : 1725059759684,
      "duration" : 5172
    },
    "description" : "",
    "status" : "passed",
    "steps" : [ {
      "name" : "Initialize web driver",
      "time" : {
        "start" : 1725059754526,
        "stop" : 1725059759684,
        "duration" : 5158
      },
      "status" : "passed",
      "steps" : [ ],
      "attachments" : [ ],
      "parameters" : [ ],
      "attachmentsCount" : 0,
      "shouldDisplayMessage" : false,
      "stepsCount" : 0,
      "hasContent" : false
    } ],
    "attachments" : [ ],
    "parameters" : [ ],
    "attachmentsCount" : 0,
    "shouldDisplayMessage" : false,
    "stepsCount" : 1,
    "hasContent" : true
  } ],
  "testStage" : {
    "status" : "failed",
    "statusMessage" : "The following asserts failed:\n\texpected [true] but found [false]",
    "statusTrace" : "java.lang.AssertionError: The following asserts failed:\n\texpected [true] but found [false]\n\tat org.testng.asserts.SoftAssert.assertAll(SoftAssert.java:46)\n\tat org.testng.asserts.SoftAssert.assertAll(SoftAssert.java:30)\n\tat eg.amazon.testcases.LoginTest.VerifyThatUserCantLoginWithValidButNotRegisteredEmail(LoginTest.java:24)\n\tat java.base/jdk.internal.reflect.DirectMethodHandleAccessor.invoke(DirectMethodHandleAccessor.java:103)\n\tat java.base/java.lang.reflect.Method.invoke(Method.java:580)\n\tat org.testng.internal.invokers.MethodInvocationHelper.invokeMethod(MethodInvocationHelper.java:141)\n\tat org.testng.internal.invokers.TestInvoker.invokeMethod(TestInvoker.java:686)\n\tat org.testng.internal.invokers.TestInvoker.invokeTestMethod(TestInvoker.java:230)\n\tat org.testng.internal.invokers.MethodRunner.runInSequence(MethodRunner.java:63)\n\tat org.testng.internal.invokers.TestInvoker$MethodInvocationAgent.invoke(TestInvoker.java:992)\n\tat org.testng.internal.invokers.TestInvoker.invokeTestMethods(TestInvoker.java:203)\n\tat org.testng.internal.invokers.TestMethodWorker.invokeTestMethods(TestMethodWorker.java:154)\n\tat org.testng.internal.invokers.TestMethodWorker.run(TestMethodWorker.java:134)\n\tat java.base/java.util.concurrent.Executors$RunnableAdapter.call(Executors.java:572)\n\tat java.base/java.util.concurrent.FutureTask.run(FutureTask.java:317)\n\tat org.testng.internal.thread.graph.TestNGFutureTask.run(TestNGFutureTask.java:22)\n\tat java.base/java.util.concurrent.ThreadPoolExecutor.runWorker(ThreadPoolExecutor.java:1144)\n\tat java.base/java.util.concurrent.ThreadPoolExecutor$Worker.run(ThreadPoolExecutor.java:642)\n\tat java.base/java.lang.Thread.run(Thread.java:1570)\n",
    "steps" : [ {
      "name" : "Load the Home Page",
      "time" : {
        "start" : 1725059764783,
        "stop" : 1725059771545,
        "duration" : 6762
      },
      "status" : "passed",
      "steps" : [ ],
      "attachments" : [ ],
      "parameters" : [ ],
      "attachmentsCount" : 0,
      "shouldDisplayMessage" : false,
      "stepsCount" : 0,
      "hasContent" : false
    }, {
      "name" : "Hover Over Account Tab",
      "time" : {
        "start" : 1725059771546,
        "stop" : 1725059771751,
        "duration" : 205
      },
      "status" : "passed",
      "steps" : [ ],
      "attachments" : [ ],
      "parameters" : [ ],
      "attachmentsCount" : 0,
      "shouldDisplayMessage" : false,
      "stepsCount" : 0,
      "hasContent" : false
    }, {
      "name" : "Click on Login button",
      "time" : {
        "start" : 1725059771751,
        "stop" : 1725059773009,
        "duration" : 1258
      },
      "status" : "passed",
      "steps" : [ ],
      "attachments" : [ ],
      "parameters" : [ ],
      "attachmentsCount" : 0,
      "shouldDisplayMessage" : false,
      "stepsCount" : 0,
      "hasContent" : false
    }, {
      "name" : "get Current Url",
      "time" : {
        "start" : 1725059773010,
        "stop" : 1725059773015,
        "duration" : 5
      },
      "status" : "passed",
      "steps" : [ ],
      "attachments" : [ ],
      "parameters" : [ ],
      "attachmentsCount" : 0,
      "shouldDisplayMessage" : false,
      "stepsCount" : 0,
      "hasContent" : false
    }, {
      "name" : "Fill Email Input with valid but not registered email",
      "time" : {
        "start" : 1725059773017,
        "stop" : 1725059774099,
        "duration" : 1082
      },
      "status" : "passed",
      "steps" : [ ],
      "attachments" : [ ],
      "parameters" : [ ],
      "attachmentsCount" : 0,
      "shouldDisplayMessage" : false,
      "stepsCount" : 0,
      "hasContent" : false
    }, {
      "name" : "Click on Continue Button",
      "time" : {
        "start" : 1725059774100,
        "stop" : 1725059774193,
        "duration" : 93
      },
      "status" : "passed",
      "steps" : [ ],
      "attachments" : [ ],
      "parameters" : [ ],
      "attachmentsCount" : 0,
      "shouldDisplayMessage" : false,
      "stepsCount" : 0,
      "hasContent" : false
    }, {
      "name" : "Verify that user can't login",
      "time" : {
        "start" : 1725059774193,
        "stop" : 1725059789492,
        "duration" : 15299
      },
      "status" : "passed",
      "steps" : [ ],
      "attachments" : [ ],
      "parameters" : [ ],
      "attachmentsCount" : 0,
      "shouldDisplayMessage" : false,
      "stepsCount" : 0,
      "hasContent" : false
    } ],
    "attachments" : [ ],
    "parameters" : [ ],
    "attachmentsCount" : 0,
    "shouldDisplayMessage" : true,
    "stepsCount" : 7,
    "hasContent" : true
  },
  "afterStages" : [ {
    "name" : "tearDown",
    "time" : {
      "start" : 1725059789640,
      "stop" : 1725059789850,
      "duration" : 210
    },
    "description" : "",
    "status" : "passed",
    "steps" : [ {
      "name" : "Driver quit",
      "time" : {
        "start" : 1725059789640,
        "stop" : 1725059789850,
        "duration" : 210
      },
      "status" : "passed",
      "steps" : [ ],
      "attachments" : [ ],
      "parameters" : [ ],
      "attachmentsCount" : 0,
      "shouldDisplayMessage" : false,
      "stepsCount" : 0,
      "hasContent" : false
    } ],
    "attachments" : [ ],
    "parameters" : [ ],
    "attachmentsCount" : 0,
    "shouldDisplayMessage" : false,
    "stepsCount" : 1,
    "hasContent" : true
  }, {
    "name" : "tearDownI",
    "time" : {
      "start" : 1725059789535,
      "stop" : 1725059789636,
      "duration" : 101
    },
    "description" : "",
    "status" : "passed",
    "steps" : [ {
      "name" : "Clear Session, and take screenshot",
      "time" : {
        "start" : 1725059789537,
        "stop" : 1725059789636,
        "duration" : 99
      },
      "status" : "passed",
      "steps" : [ ],
      "attachments" : [ {
        "uid" : "367188cdcf6ac0f0",
        "name" : "screenshot",
        "source" : "367188cdcf6ac0f0.png",
        "type" : "image/png",
        "size" : 39201
      } ],
      "parameters" : [ {
        "name" : "result",
        "value" : "[TestResult name=VerifyThatUserCantLoginWithValidButNotRegisteredEmail status=FAILURE method=LoginTest.VerifyThatUserCantLoginWithValidButNotRegisteredEmail()[pri:0, instance:eg.amazon.testcases.LoginTest@53830483] output={null}]"
      } ],
      "attachmentsCount" : 1,
      "shouldDisplayMessage" : false,
      "stepsCount" : 0,
      "hasContent" : true
    } ],
    "attachments" : [ ],
    "parameters" : [ ],
    "attachmentsCount" : 1,
    "shouldDisplayMessage" : false,
    "stepsCount" : 1,
    "hasContent" : true
  } ],
  "labels" : [ {
    "name" : "package",
    "value" : "eg.amazon.testcases.LoginTest"
  }, {
    "name" : "testClass",
    "value" : "eg.amazon.testcases.LoginTest"
  }, {
    "name" : "testMethod",
    "value" : "VerifyThatUserCantLoginWithValidButNotRegisteredEmail"
  }, {
    "name" : "parentSuite",
    "value" : "All Test Suite"
  }, {
    "name" : "suite",
    "value" : "Login Test"
  }, {
    "name" : "subSuite",
    "value" : "eg.amazon.testcases.LoginTest"
  }, {
    "name" : "host",
    "value" : "Mac-1725058349946.local"
  }, {
    "name" : "thread",
    "value" : "3408@Mac-1725058349946.local.TestNG-test-Login Test-1(24)"
  }, {
    "name" : "framework",
    "value" : "testng"
  }, {
    "name" : "language",
    "value" : "java"
  }, {
    "name" : "story",
    "value" : "Login Page"
  }, {
    "name" : "feature",
    "value" : "Signup Feature"
  }, {
    "name" : "resultFormat",
    "value" : "allure2"
  } ],
  "parameters" : [ ],
  "links" : [ ],
  "hidden" : false,
  "retry" : false,
  "extra" : {
    "severity" : "normal",
    "retries" : [ ],
    "categories" : [ {
      "name" : "Product defects",
      "matchedStatuses" : [ ],
      "flaky" : false
    } ],
    "tags" : [ ]
  },
  "source" : "ecf035d0f70d7da8.json",
  "parameterValues" : [ ]
}